2023-07-16 09:58:55,778 INFO notifyConnectTimeout:200

2023-07-16 09:58:55,780 INFO notifySocketTimeout:8000

2023-07-16 09:58:55,780 INFO isHealthCheck:true

2023-07-16 09:58:55,780 INFO maxHealthCheckFailCount:12

2023-07-16 09:58:55,780 INFO maxContent:10485760

2023-07-16 09:58:57,369 INFO use local db service for init

2023-07-16 09:58:58,010 WARN Lexical error at line 4, column 66.  Encountered: <EOF> after : "".

2023-07-16 09:58:58,012 WARN Syntax error: Encountered "*" at line 1, column 1.

2023-07-16 09:58:58,305 WARN Lexical error at line 4, column 13.  Encountered: "`" (96), after : "".

2023-07-16 09:58:58,306 WARN Lexical error at line 1, column 13.  Encountered: "`" (96), after : "".

2023-07-16 09:58:58,306 WARN Lexical error at line 1, column 13.  Encountered: "`" (96), after : "".

2023-07-16 09:58:58,306 WARN Lexical error at line 1, column 13.  Encountered: "`" (96), after : "".

2023-07-16 09:58:58,306 INFO use StandaloneDatabaseOperateImpl

2023-07-16 09:58:58,776 WARN DumpService start

2023-07-16 09:58:58,777 INFO start clear all config-info.

2023-07-16 09:58:58,777 WARN clear all config-info failed.

2023-07-16 09:58:58,777 WARN clear all config-info-tenant failed.

2023-07-16 09:58:58,802 INFO start clear all config-info-beta.

2023-07-16 09:58:58,802 WARN clear all config-info-beta failed.

2023-07-16 09:58:58,802 WARN clear all config-info-beta-tenant failed.

2023-07-16 09:58:58,809 INFO start clear all config-info-tag.

2023-07-16 09:58:58,809 WARN clear all config-info-tag failed.

2023-07-16 09:58:58,809 WARN clear all config-info-tag-tenant failed.

2023-07-16 10:09:20,313 INFO notifyConnectTimeout:200

2023-07-16 10:09:20,315 INFO notifySocketTimeout:8000

2023-07-16 10:09:20,315 INFO isHealthCheck:true

2023-07-16 10:09:20,315 INFO maxHealthCheckFailCount:12

2023-07-16 10:09:20,315 INFO maxContent:10485760

2023-07-16 10:09:22,445 INFO use local db service for init

2023-07-16 10:09:22,905 WARN Lexical error at line 4, column 66.  Encountered: <EOF> after : "".

2023-07-16 10:09:22,907 WARN Syntax error: Encountered "*" at line 1, column 1.

2023-07-16 10:09:22,949 WARN Table/View 'CONFIG_INFO' already exists in Schema 'NACOS'.

2023-07-16 10:09:22,976 WARN Table/View 'HIS_CONFIG_INFO' already exists in Schema 'NACOS'.

2023-07-16 10:09:22,987 WARN Table/View 'CONFIG_INFO_BETA' already exists in Schema 'NACOS'.

2023-07-16 10:09:22,995 WARN Table/View 'CONFIG_INFO_TAG' already exists in Schema 'NACOS'.

2023-07-16 10:09:23,002 WARN Table/View 'CONFIG_INFO_AGGR' already exists in Schema 'NACOS'.

2023-07-16 10:09:23,011 WARN Table/View 'APP_LIST' already exists in Schema 'NACOS'.

2023-07-16 10:09:23,018 WARN Table/View 'APP_CONFIGDATA_RELATION_SUBS' already exists in Schema 'NACOS'.

2023-07-16 10:09:23,024 WARN Table/View 'APP_CONFIGDATA_RELATION_PUBS' already exists in Schema 'NACOS'.

2023-07-16 10:09:23,032 WARN Table/View 'CONFIG_TAGS_RELATION' already exists in Schema 'NACOS'.

2023-07-16 10:09:23,041 WARN Table/View 'GROUP_CAPACITY' already exists in Schema 'NACOS'.

2023-07-16 10:09:23,049 WARN Table/View 'TENANT_CAPACITY' already exists in Schema 'NACOS'.

2023-07-16 10:09:23,056 WARN Table/View 'TENANT_INFO' already exists in Schema 'NACOS'.

2023-07-16 10:09:23,064 WARN Table/View 'USERS' already exists in Schema 'NACOS'.

2023-07-16 10:09:23,070 WARN Table/View 'ROLES' already exists in Schema 'NACOS'.

2023-07-16 10:09:23,077 WARN Table/View 'PERMISSIONS' already exists in Schema 'NACOS'.

2023-07-16 10:09:23,103 WARN The statement was aborted because it would have caused a duplicate key value in a unique or primary key constraint or unique index identified by 'SQL230716095858250' defined on 'USERS'.

2023-07-16 10:09:23,106 WARN The statement was aborted because it would have caused a duplicate key value in a unique or primary key constraint or unique index identified by 'UK_USERNAME_ROLE' defined on 'ROLES'.

2023-07-16 10:09:23,107 WARN Lexical error at line 4, column 13.  Encountered: "`" (96), after : "".

2023-07-16 10:09:23,107 WARN Lexical error at line 1, column 13.  Encountered: "`" (96), after : "".

2023-07-16 10:09:23,107 WARN Lexical error at line 1, column 13.  Encountered: "`" (96), after : "".

2023-07-16 10:09:23,107 WARN Lexical error at line 1, column 13.  Encountered: "`" (96), after : "".

2023-07-16 10:09:23,107 INFO use StandaloneDatabaseOperateImpl

2023-07-16 10:09:23,738 WARN DumpService start

2023-07-16 10:09:23,739 INFO start clear all config-info.

2023-07-16 10:09:23,740 WARN clear all config-info failed.

2023-07-16 10:09:23,740 WARN clear all config-info-tenant failed.

2023-07-16 10:09:23,770 INFO start clear all config-info-beta.

2023-07-16 10:09:23,770 WARN clear all config-info-beta failed.

2023-07-16 10:09:23,770 WARN clear all config-info-beta-tenant failed.

2023-07-16 10:09:23,779 INFO start clear all config-info-tag.

2023-07-16 10:09:23,779 WARN clear all config-info-tag failed.

2023-07-16 10:09:23,779 WARN clear all config-info-tag-tenant failed.

