2023-07-16 09:59:28,834 INFO PERFORMANCE:|0|0|-1|-1

2023-07-16 10:09:53,813 INFO PERFORMANCE:|0|0|-1|-1

2023-07-16 10:14:53,819 INFO PERFORMANCE:|1|1|-1|-1

2023-07-16 10:19:53,820 INFO PERFORMANCE:|1|1|-1|-1

2023-07-16 10:24:53,826 INFO PERFORMANCE:|3|3|-1|-1

2023-07-16 10:29:53,839 INFO PERFORMANCE:|3|3|-1|-1

2023-07-16 10:34:53,841 INFO PERFORMANCE:|3|5|-1|-1

2023-07-16 10:39:53,843 INFO PERFORMANCE:|3|5|-1|-1

2023-07-16 10:44:53,843 INFO PERFORMANCE:|3|3|2|2

2023-07-16 10:49:53,857 INFO PERFORMANCE:|3|6|-1|-1

2023-07-16 10:54:53,868 INFO PERFORMANCE:|3|6|-1|-1

2023-07-16 10:59:53,874 INFO PERFORMANCE:|3|5|-1|-1

2023-07-16 11:04:53,875 INFO PERFORMANCE:|3|5|-1|-1

2023-07-16 11:09:53,880 INFO PERFORMANCE:|3|6|-1|-1

2023-07-16 11:14:53,896 INFO PERFORMANCE:|3|6|-1|-1

2023-07-16 11:19:53,906 INFO PERFORMANCE:|3|5|-1|-1

2023-07-16 11:24:53,915 INFO PERFORMANCE:|3|5|-1|-1

2023-07-16 11:29:53,917 INFO PERFORMANCE:|3|6|-1|-1

2023-07-16 11:34:53,926 INFO PERFORMANCE:|3|6|-1|-1

2023-07-16 11:39:53,934 INFO PERFORMANCE:|3|6|-1|-1

2023-07-16 11:44:53,945 INFO PERFORMANCE:|3|6|-1|-1

2023-07-16 11:49:53,961 INFO PERFORMANCE:|3|6|-1|-1

2023-07-16 11:54:53,974 INFO PERFORMANCE:|3|6|-1|-1

2023-07-16 11:59:53,980 INFO PERFORMANCE:|3|6|-1|-1

2023-07-16 12:04:53,992 INFO PERFORMANCE:|3|6|-1|-1

2023-07-16 12:09:53,993 INFO PERFORMANCE:|3|6|-1|-1

2023-07-16 12:14:53,995 INFO PERFORMANCE:|3|6|-1|-1

2023-07-16 12:19:53,997 INFO PERFORMANCE:|3|6|-1|-1

2023-07-16 12:24:54,004 INFO PERFORMANCE:|3|6|-1|-1

2023-07-16 12:29:54,015 INFO PERFORMANCE:|3|6|-1|-1

2023-07-16 12:34:54,029 INFO PERFORMANCE:|3|1|4|2

2023-07-16 12:39:54,041 INFO PERFORMANCE:|3|6|1|1

2023-07-16 12:44:54,048 INFO PERFORMANCE:|3|6|-1|-1

2023-07-16 12:49:54,061 INFO PERFORMANCE:|3|6|-1|-1

2023-07-16 13:18:01,356 INFO PERFORMANCE:|3|5|-1|-1

2023-07-16 13:35:45,406 INFO PERFORMANCE:|3|5|-1|-1

2023-07-16 13:40:45,407 INFO PERFORMANCE:|3|5|-1|-1

2023-07-16 13:45:45,410 INFO PERFORMANCE:|3|5|-1|-1

2023-07-16 13:50:45,423 INFO PERFORMANCE:|3|5|-1|-1

2023-07-16 13:55:45,429 INFO PERFORMANCE:|3|5|-1|-1

2023-07-16 14:00:45,430 INFO PERFORMANCE:|3|5|-1|-1

2023-07-16 14:05:45,432 INFO PERFORMANCE:|3|5|-1|-1

2023-07-16 14:10:45,444 INFO PERFORMANCE:|3|5|-1|-1

2023-07-16 14:15:45,456 INFO PERFORMANCE:|3|5|-1|-1

2023-07-16 14:20:45,469 INFO PERFORMANCE:|3|5|-1|-1

2023-07-16 14:25:45,481 INFO PERFORMANCE:|3|5|-1|-1

2023-07-16 14:30:45,481 INFO PERFORMANCE:|3|5|-1|-1

2023-07-16 14:35:45,495 INFO PERFORMANCE:|3|5|-1|-1

2023-07-16 14:40:45,503 INFO PERFORMANCE:|3|5|-1|-1

2023-07-16 14:45:45,506 INFO PERFORMANCE:|3|5|-1|-1

2023-07-16 14:50:45,521 INFO PERFORMANCE:|3|5|-1|-1

2023-07-16 14:55:45,527 INFO PERFORMANCE:|3|5|-1|-1

2023-07-16 15:00:45,528 INFO PERFORMANCE:|3|5|-1|-1

2023-07-16 15:05:45,541 INFO PERFORMANCE:|3|5|-1|-1

2023-07-16 15:11:49,195 INFO PERFORMANCE:|3|5|-1|-1

2023-07-16 15:16:49,199 INFO PERFORMANCE:|3|5|-1|-1

2023-07-16 15:21:49,212 INFO PERFORMANCE:|3|5|-1|-1

2023-07-16 15:26:49,221 INFO PERFORMANCE:|3|5|-1|-1

2023-07-16 15:31:49,224 INFO PERFORMANCE:|3|5|-1|-1

2023-07-16 16:09:44,472 INFO PERFORMANCE:|3|5|-1|-1

2023-07-16 16:14:44,480 INFO PERFORMANCE:|3|5|-1|-1

2023-07-16 16:19:44,493 INFO PERFORMANCE:|3|5|-1|-1

2023-07-16 16:24:44,504 INFO PERFORMANCE:|3|5|-1|-1

2023-07-16 16:29:44,505 INFO PERFORMANCE:|3|5|-1|-1

2023-07-16 16:34:44,518 INFO PERFORMANCE:|3|5|-1|-1

2023-07-16 16:39:44,526 INFO PERFORMANCE:|3|5|-1|-1

2023-07-16 16:44:44,531 INFO PERFORMANCE:|3|5|-1|-1

2023-07-16 16:49:44,531 INFO PERFORMANCE:|3|5|-1|-1

2023-07-16 16:54:44,532 INFO PERFORMANCE:|3|5|-1|-1

2023-07-16 16:59:44,533 INFO PERFORMANCE:|3|5|-1|-1

2023-07-16 17:04:44,541 INFO PERFORMANCE:|3|5|-1|-1

2023-07-16 17:09:44,542 INFO PERFORMANCE:|3|5|-1|-1

2023-07-16 17:14:44,549 INFO PERFORMANCE:|3|5|-1|-1

2023-07-16 17:19:44,550 INFO PERFORMANCE:|3|5|-1|-1

2023-07-17 13:36:36,839 INFO PERFORMANCE:|0|0|-1|-1

2023-07-17 13:41:36,853 INFO PERFORMANCE:|3|4|-1|-1

2023-07-17 13:46:36,867 INFO PERFORMANCE:|3|4|-1|-1

2023-07-17 13:51:36,873 INFO PERFORMANCE:|3|4|-1|-1

2023-07-17 13:56:36,876 INFO PERFORMANCE:|3|4|-1|-1

2023-07-17 14:01:36,880 INFO PERFORMANCE:|3|4|-1|-1

2023-07-17 14:06:36,893 INFO PERFORMANCE:|3|4|-1|-1

2023-07-17 14:11:36,903 INFO PERFORMANCE:|3|4|-1|-1

2023-07-17 14:16:36,911 INFO PERFORMANCE:|3|4|-1|-1

2023-07-17 14:21:36,926 INFO PERFORMANCE:|3|4|-1|-1

2023-07-17 14:26:36,934 INFO PERFORMANCE:|3|4|-1|-1

2023-07-17 14:31:36,938 INFO PERFORMANCE:|3|4|-1|-1

2023-07-17 14:36:36,942 INFO PERFORMANCE:|3|4|-1|-1

2023-07-17 14:41:36,955 INFO PERFORMANCE:|3|4|-1|-1

2023-07-17 14:46:36,968 INFO PERFORMANCE:|3|4|-1|-1

2023-07-17 14:51:36,969 INFO PERFORMANCE:|3|4|-1|-1

2023-07-17 14:56:36,974 INFO PERFORMANCE:|3|4|-1|-1

2023-07-17 15:01:36,983 INFO PERFORMANCE:|3|4|-1|-1

2023-07-17 15:06:36,993 INFO PERFORMANCE:|3|4|2|2

2023-07-17 15:11:37,003 INFO PERFORMANCE:|3|4|-1|-1

2023-07-17 15:16:37,016 INFO PERFORMANCE:|3|4|-1|-1

2023-07-17 15:21:37,032 INFO PERFORMANCE:|3|4|-1|-1

2023-07-17 15:26:37,037 INFO PERFORMANCE:|3|4|-1|-1

2023-07-17 15:31:37,039 INFO PERFORMANCE:|3|4|-1|-1

2023-07-17 15:36:37,043 INFO PERFORMANCE:|3|4|-1|-1

2023-07-17 15:41:37,044 INFO PERFORMANCE:|3|4|-1|-1

2023-07-17 15:46:37,049 INFO PERFORMANCE:|3|4|-1|-1

2023-07-17 15:51:37,054 INFO PERFORMANCE:|3|4|-1|-1

2023-07-17 15:56:37,056 INFO PERFORMANCE:|3|4|-1|-1

2023-07-17 16:01:37,061 INFO PERFORMANCE:|3|4|-1|-1

2023-07-17 16:06:37,063 INFO PERFORMANCE:|3|4|-1|-1

2023-07-17 16:11:37,069 INFO PERFORMANCE:|3|4|-1|-1

2023-07-17 16:16:37,077 INFO PERFORMANCE:|3|4|-1|-1

2023-07-17 16:21:37,092 INFO PERFORMANCE:|3|5|-1|-1

2023-07-17 16:26:37,104 INFO PERFORMANCE:|3|5|-1|-1

2023-07-17 16:31:37,107 INFO PERFORMANCE:|3|5|-1|-1

2023-07-17 16:36:37,121 INFO PERFORMANCE:|3|5|-1|-1

2023-07-17 16:41:37,136 INFO PERFORMANCE:|3|5|-1|-1

2023-07-17 16:46:37,148 INFO PERFORMANCE:|3|5|-1|-1

2023-07-17 16:51:37,159 INFO PERFORMANCE:|3|5|-1|-1

2023-07-17 16:56:37,160 INFO PERFORMANCE:|3|5|-1|-1

2023-07-17 17:01:37,162 INFO PERFORMANCE:|3|5|-1|-1

2023-07-17 17:06:37,166 INFO PERFORMANCE:|3|5|3|3

2023-07-17 17:11:37,181 INFO PERFORMANCE:|3|5|-1|-1

2023-07-17 17:16:37,197 INFO PERFORMANCE:|3|5|-1|-1

2023-07-17 17:21:37,198 INFO PERFORMANCE:|3|5|-1|-1

2023-07-17 17:26:37,201 INFO PERFORMANCE:|3|4|2|1

2023-07-17 17:31:37,205 INFO PERFORMANCE:|3|5|-1|-1

2023-07-17 17:36:37,210 INFO PERFORMANCE:|3|5|-1|-1

